<?xml version="1.0" encoding="UTF-8"?>
<testng-results ignored="0" total="5" passed="5" failed="0" skipped="0">
  <reporter-output>
  </reporter-output>
  <suite started-at="2023-10-11T15:41:54 IST" name="Suite" finished-at="2023-10-11T15:44:34 IST" duration-ms="160757">
    <groups>
    </groups>
    <test started-at="2023-10-11T15:41:54 IST" name="Test" finished-at="2023-10-11T15:44:34 IST" duration-ms="160757">
      <class name="testPackage.ActiTimeDeleteTestCase">
        <test-method is-config="true" signature="setUp()[pri:0, instance:testPackage.ActiTimeDeleteTestCase@121314f7]" started-at="2023-10-11T15:44:08 IST" name="setUp" finished-at="2023-10-11T15:44:32 IST" duration-ms="23873" status="PASS">
          <reporter-output>
          </reporter-output>
        </test-method> <!-- setUp -->
        <test-method signature="deleteTestScript()[pri:0, instance:testPackage.ActiTimeDeleteTestCase@121314f7]" started-at="2023-10-11T15:44:32 IST" name="deleteTestScript" finished-at="2023-10-11T15:44:34 IST" duration-ms="2157" status="PASS">
          <reporter-output>
          </reporter-output>
        </test-method> <!-- deleteTestScript -->
        <test-method is-config="true" signature="tearDown()[pri:0, instance:testPackage.ActiTimeDeleteTestCase@121314f7]" started-at="2023-10-11T15:44:34 IST" name="tearDown" finished-at="2023-10-11T15:44:34 IST" duration-ms="305" status="PASS">
          <reporter-output>
          </reporter-output>
        </test-method> <!-- tearDown -->
      </class> <!-- testPackage.ActiTimeDeleteTestCase -->
      <class name="testPackage.ActiTimeCreateManagers">
        <test-method is-config="true" signature="setUp()[pri:0, instance:testPackage.ActiTimeCreateManagers@60bd273d]" started-at="2023-10-11T15:43:41 IST" name="setUp" finished-at="2023-10-11T15:44:05 IST" duration-ms="23885" status="PASS">
          <reporter-output>
          </reporter-output>
        </test-method> <!-- setUp -->
        <test-method signature="createNewManagerTestScript()[pri:0, instance:testPackage.ActiTimeCreateManagers@60bd273d]" started-at="2023-10-11T15:44:05 IST" name="createNewManagerTestScript" finished-at="2023-10-11T15:44:08 IST" duration-ms="2515" status="PASS">
          <reporter-output>
          </reporter-output>
        </test-method> <!-- createNewManagerTestScript -->
        <test-method is-config="true" signature="tearDown()[pri:0, instance:testPackage.ActiTimeCreateManagers@60bd273d]" started-at="2023-10-11T15:44:08 IST" name="tearDown" finished-at="2023-10-11T15:44:08 IST" duration-ms="303" status="PASS">
          <reporter-output>
          </reporter-output>
        </test-method> <!-- tearDown -->
      </class> <!-- testPackage.ActiTimeCreateManagers -->
      <class name="testPackage.ActiTimeCreateProjects_Customers">
        <test-method is-config="true" signature="setUp()[pri:0, instance:testPackage.ActiTimeCreateProjects_Customers@4f80542f]" started-at="2023-10-11T15:43:09 IST" name="setUp" finished-at="2023-10-11T15:43:34 IST" duration-ms="25086" status="PASS">
          <reporter-output>
          </reporter-output>
        </test-method> <!-- setUp -->
        <test-method signature="createValidCustomer_ProjectTestScript()[pri:0, instance:testPackage.ActiTimeCreateProjects_Customers@4f80542f]" started-at="2023-10-11T15:43:34 IST" name="createValidCustomer_ProjectTestScript" finished-at="2023-10-11T15:43:41 IST" duration-ms="6648" status="PASS">
          <reporter-output>
          </reporter-output>
        </test-method> <!-- createValidCustomer_ProjectTestScript -->
        <test-method is-config="true" signature="tearDown()[pri:0, instance:testPackage.ActiTimeCreateProjects_Customers@4f80542f]" started-at="2023-10-11T15:43:41 IST" name="tearDown" finished-at="2023-10-11T15:43:41 IST" duration-ms="619" status="PASS">
          <reporter-output>
          </reporter-output>
        </test-method> <!-- tearDown -->
      </class> <!-- testPackage.ActiTimeCreateProjects_Customers -->
      <class name="testPackage.ActiTimeValidLoginTestCase">
        <test-method is-config="true" signature="setUp()[pri:0, instance:testPackage.ActiTimeValidLoginTestCase@31fa1761]" started-at="2023-10-11T15:41:54 IST" name="setUp" finished-at="2023-10-11T15:42:20 IST" duration-ms="25837" status="PASS">
          <reporter-output>
          </reporter-output>
        </test-method> <!-- setUp -->
        <test-method signature="validLoginTestScript()[pri:0, instance:testPackage.ActiTimeValidLoginTestCase@31fa1761]" started-at="2023-10-11T15:42:20 IST" name="validLoginTestScript" finished-at="2023-10-11T15:42:20 IST" duration-ms="628" status="PASS">
          <reporter-output>
          </reporter-output>
        </test-method> <!-- validLoginTestScript -->
        <test-method is-config="true" signature="tearDown()[pri:0, instance:testPackage.ActiTimeValidLoginTestCase@31fa1761]" started-at="2023-10-11T15:42:20 IST" name="tearDown" finished-at="2023-10-11T15:42:20 IST" duration-ms="246" status="PASS">
          <reporter-output>
          </reporter-output>
        </test-method> <!-- tearDown -->
      </class> <!-- testPackage.ActiTimeValidLoginTestCase -->
      <class name="testPackage.ActiTimeInvalidLoginTestCase">
        <test-method is-config="true" signature="setUp()[pri:0, instance:testPackage.ActiTimeInvalidLoginTestCase@534a5a98]" started-at="2023-10-11T15:42:20 IST" name="setUp" finished-at="2023-10-11T15:42:44 IST" duration-ms="23973" status="PASS">
          <reporter-output>
          </reporter-output>
        </test-method> <!-- setUp -->
        <test-method signature="invalidLoginTestScript()[pri:0, instance:testPackage.ActiTimeInvalidLoginTestCase@534a5a98]" started-at="2023-10-11T15:42:44 IST" name="invalidLoginTestScript" finished-at="2023-10-11T15:43:08 IST" duration-ms="24086" status="PASS">
          <reporter-output>
          </reporter-output>
        </test-method> <!-- invalidLoginTestScript -->
        <test-method is-config="true" signature="tearDown()[pri:0, instance:testPackage.ActiTimeInvalidLoginTestCase@534a5a98]" started-at="2023-10-11T15:43:08 IST" name="tearDown" finished-at="2023-10-11T15:43:09 IST" duration-ms="510" status="PASS">
          <reporter-output>
          </reporter-output>
        </test-method> <!-- tearDown -->
      </class> <!-- testPackage.ActiTimeInvalidLoginTestCase -->
    </test> <!-- Test -->
  </suite> <!-- Suite -->
</testng-results>
