<?xml version="1.0" encoding="UTF-8"?>
<!-- Generated by org.testng.reporters.JUnitXMLReporter -->
<testsuite ignored="0" hostname="Onkar" failures="0" tests="5" name="Test" time="159.054" errors="0" timestamp="2023-10-11T15:36:21 IST">
  <testcase classname="testPackage.ActiTimeValidLoginTestCase" name="validLoginTestScript" time="0.349"/>
  <testcase classname="testPackage.ActiTimeInvalidLoginTestCase" name="invalidLoginTestScript" time="23.705"/>
  <testcase classname="testPackage.ActiTimeCreateProjects_Customers" name="createValidCustomer_ProjectTestScript" time="6.425"/>
  <testcase classname="testPackage.ActiTimeCreateManagers" name="createNewManagerTestScript" time="2.736"/>
  <testcase classname="testPackage.ActiTimeDeleteTestCase" name="deleteTestScript" time="2.129"/>
</testsuite> <!-- Test -->
