<?xml version="1.0" encoding="UTF-8"?>
<!-- Generated by org.testng.reporters.JUnitXMLReporter -->
<testsuite ignored="0" hostname="Onkar" failures="0" tests="5" name="Test" time="160.757" errors="0" timestamp="2023-10-11T15:44:34 IST">
  <testcase classname="testPackage.ActiTimeValidLoginTestCase" name="validLoginTestScript" time="0.628"/>
  <testcase classname="testPackage.ActiTimeInvalidLoginTestCase" name="invalidLoginTestScript" time="24.086"/>
  <testcase classname="testPackage.ActiTimeCreateProjects_Customers" name="createValidCustomer_ProjectTestScript" time="6.648"/>
  <testcase classname="testPackage.ActiTimeCreateManagers" name="createNewManagerTestScript" time="2.515"/>
  <testcase classname="testPackage.ActiTimeDeleteTestCase" name="deleteTestScript" time="2.157"/>
</testsuite> <!-- Test -->
