<?xml version="1.0" encoding="UTF-8"?>
<!-- Generated by org.testng.reporters.JUnitXMLReporter -->
<testsuite ignored="0" hostname="Onkar" failures="0" tests="5" name="Test" time="58.971" errors="0" timestamp="2023-10-15T17:56:35 IST">
  <testcase classname="testPackage.ActiTimeValidLoginTestCase" name="validLoginTestScript" time="0.765"/>
  <testcase classname="testPackage.ActiTimeInvalidLoginTestCase" name="invalidLoginTestScript" time="24.804"/>
  <testcase classname="testPackage.ActiTimeCreateProjects_Customers" name="createValidCustomer_ProjectTestScript" time="7.071"/>
  <testcase classname="testPackage.ActiTimeCreateManagers" name="createNewManagerTestScript" time="2.496"/>
  <testcase classname="testPackage.ActiTimeDeleteTestCase" name="deleteTestScript" time="2.239"/>
</testsuite> <!-- Test -->
